<?xml version="1.0" encoding="UTF-8"?>
<!-- Generated by org.testng.reporters.JUnitReportReporter -->
<testsuite hostname="Omika" failures="0" tests="2" name="Ruuner.Run" time="10.502" errors="0" timestamp="2024-11-06T08:33:22 IST" skipped="0">
  <testcase classname="Ruuner.Run" name="runScenario" time="7.943"/>
  <testcase classname="Ruuner.Run" name="runScenario" time="2.559"/>
</testsuite> <!-- Ruuner.Run -->
